00:54:26 - Modified: g:\buiz_fluencer\app\service\page.tsx
00:54:26 - Modified: g:\buiz_fluencer\app\service\page.tsx
00:54:27 - Modified: g:\buiz_fluencer\app\service\page.tsx
00:54:27 - Modified: g:\buiz_fluencer\app\service\page.tsx
00:54:27 - Modified: g:\buiz_fluencer\app\service\page.tsx
00:54:27 - Modified: g:\buiz_fluencer\app\service\page.tsx
00:54:27 - Modified: g:\buiz_fluencer\app\service\page.tsx
00:54:27 - Opened: git\scm0\input
00:54:27 - Modified: g:\buiz_fluencer\app\service\page.tsx
00:54:28 - Modified: g:\buiz_fluencer\app\service\page.tsx
00:54:28 - Opened: g:\buiz_fluencer\package.json
00:54:30 - Opened: g:\buiz_fluencer\.next\types\package.json
00:54:30 - Opened: g:\buiz_fluencer\.next\package.json
00:54:31 - Modified: g:\buiz_fluencer\app\service\page.tsx
00:54:32 - Modified: g:\buiz_fluencer\app\service\page.tsx
00:54:32 - Modified: g:\buiz_fluencer\app\service\page.tsx
00:54:33 - Modified: g:\buiz_fluencer\app\service\page.tsx
00:54:36 - Modified: g:\buiz_fluencer\app\service\page.tsx
00:54:36 - Modified: g:\buiz_fluencer\app\service\page.tsx
00:54:36 - Modified: g:\buiz_fluencer\app\service\page.tsx
00:54:36 - Modified: g:\buiz_fluencer\app\service\page.tsx
00:54:36 - Modified: g:\buiz_fluencer\app\service\page.tsx
00:54:36 - Modified: g:\buiz_fluencer\app\service\page.tsx
00:54:36 - Modified: g:\buiz_fluencer\app\service\page.tsx
00:54:36 - Modified: g:\buiz_fluencer\app\service\page.tsx
00:54:36 - Modified: g:\buiz_fluencer\app\service\page.tsx
00:54:36 - Modified: g:\buiz_fluencer\app\service\page.tsx
00:54:36 - Modified: g:\buiz_fluencer\app\service\page.tsx
00:54:36 - Modified: g:\buiz_fluencer\app\service\page.tsx
00:54:37 - Opened: g:\buiz_fluencer\app\service\page.tsx.git
00:54:37 - Will save: g:\buiz_fluencer\app\service\page.tsx
00:54:38 - Modified: g:\buiz_fluencer\app\service\page.tsx
00:54:38 - Modified: g:\buiz_fluencer\app\service\page.tsx
00:54:38 - Saved: g:\buiz_fluencer\app\service\page.tsx
00:56:36 - Modified: g:\buiz_fluencer\app\service\page.tsx
00:56:36 - Modified: g:\buiz_fluencer\app\service\page.tsx
00:56:37 - Will save: g:\buiz_fluencer\app\service\page.tsx
00:56:38 - Modified: g:\buiz_fluencer\app\service\page.tsx
00:56:38 - Modified: g:\buiz_fluencer\app\service\page.tsx
00:56:38 - Saved: g:\buiz_fluencer\app\service\page.tsx
00:57:28 - Closed: g:\buiz_fluencer\package.json
00:57:30 - Closed: g:\buiz_fluencer\.next\types\package.json
00:57:30 - Closed: g:\buiz_fluencer\.next\package.json
00:58:43 - Modified: g:\buiz_fluencer\app\service\page.tsx
00:58:43 - Modified: g:\buiz_fluencer\app\service\page.tsx
00:58:44 - Will save: g:\buiz_fluencer\app\service\page.tsx
00:58:45 - Modified: g:\buiz_fluencer\app\service\page.tsx
00:58:45 - Modified: g:\buiz_fluencer\app\service\page.tsx
00:58:45 - Saved: g:\buiz_fluencer\app\service\page.tsx
00:58:48 - Closed: g:\buiz_fluencer\app\service\page.tsx
00:58:48 - Opened: g:\buiz_fluencer\app\contact\page.tsx
00:58:48 - Closed: g:\buiz_fluencer\app\service\page.tsx.git
00:58:48 - Closed: g:\buiz_fluencer\app\contact\page.tsx
00:58:49 - Opened: g:\buiz_fluencer\app\page.tsx
00:58:50 - Opened: g:\buiz_fluencer\app\contact\page.tsx.git
00:58:50 - Closed: g:\buiz_fluencer\app\contact\page.tsx.git
00:58:50 - Opened: g:\buiz_fluencer\app\page.tsx.git
00:58:50 - Closed: g:\buiz_fluencer\app\page.tsx
00:58:50 - Closed: g:\buiz_fluencer\app\page.tsx.git
00:59:38 - Opened: git\scm0\input
00:59:39 - Opened: g:\buiz_fluencer\package.json
00:59:40 - Opened: g:\buiz_fluencer\.next\types\package.json
00:59:40 - Opened: g:\buiz_fluencer\.next\package.json
