00:54:05 - Opened: git\scm0\input
00:54:06 - Opened: g:\buiz_fluencer\package.json
00:54:07 - Opened: g:\buiz_fluencer\.next\types\package.json
00:54:07 - Opened: g:\buiz_fluencer\.next\package.json
00:54:13 - Opened: g:\buiz_fluencer\app\contact\page.tsx.git
00:55:50 - Opened: g:\buiz_fluencer\package.json
00:55:51 - Opened: g:\buiz_fluencer\.next\types\package.json
00:55:51 - Opened: g:\buiz_fluencer\.next\package.json
00:55:54 - Modified: Workspace event
00:55:54 - Modified: Workspace event
00:55:54 - Modified: Workspace event
00:55:55 - Modified: Workspace event
00:55:55 - Modified: Workspace event
00:55:55 - Opened: g:\buiz_fluencer\app\contact\page.tsx.git
00:55:57 - Modified: Workspace event
00:55:59 - Modified: Workspace event
00:56:00 - Modified: Workspace event
00:56:00 - Modified: Workspace event
00:56:00 - Modified: Workspace event
00:56:00 - Modified: Workspace event
00:56:00 - Modified: Workspace event
00:56:00 - Modified: Workspace event
00:56:01 - Modified: Workspace event
00:56:01 - Modified: Workspace event
00:56:02 - Modified: Workspace event
00:56:02 - Modified: Workspace event
00:56:03 - Modified: Workspace event
00:56:03 - Modified: Workspace event
00:56:03 - Modified: Workspace event
00:56:03 - Modified: Workspace event
00:56:04 - Modified: Workspace event
00:56:05 - Modified: Workspace event
00:56:05 - Modified: Workspace event
00:56:05 - Saved: g:\buiz_fluencer\app\contact\page.tsx
00:56:07 - Opened: g:\buiz_fluencer\app\about\page.tsx
00:56:07 - Closed: g:\buiz_fluencer\app\contact\page.tsx.git
00:56:08 - Opened: g:\buiz_fluencer\app\about\page.tsx.git
00:56:09 - Modified: Workspace event
00:56:09 - Modified: Workspace event
00:56:09 - Modified: Workspace event
00:56:10 - Modified: Workspace event
00:56:11 - Modified: Workspace event
00:56:11 - Modified: Workspace event
00:56:12 - Modified: Workspace event
00:56:13 - Modified: Workspace event
00:56:13 - Modified: Workspace event
00:56:13 - Modified: Workspace event
00:56:13 - Modified: Workspace event
00:56:14 - Modified: Workspace event
00:56:14 - Modified: Workspace event
00:56:15 - Modified: Workspace event
00:56:16 - Modified: Workspace event
00:56:16 - Modified: Workspace event
00:56:17 - Modified: Workspace event
00:56:17 - Modified: Workspace event
00:56:18 - Modified: Workspace event
00:56:18 - Modified: Workspace event
00:56:19 - Modified: Workspace event
00:56:19 - Modified: Workspace event
00:56:19 - Saved: g:\buiz_fluencer\app\about\page.tsx
00:58:05 - Modified: Workspace event
00:58:05 - Modified: Workspace event
00:58:06 - Modified: Workspace event
00:58:06 - Modified: Workspace event
00:58:06 - Saved: g:\buiz_fluencer\app\about\page.tsx
00:58:09 - Closed: g:\buiz_fluencer\app\about\page.tsx.git
00:58:09 - Opened: g:\buiz_fluencer\app\contact\page.tsx.git
00:58:13 - Modified: Workspace event
00:58:13 - Modified: Workspace event
00:58:15 - Modified: Workspace event
00:58:15 - Modified: Workspace event
00:58:15 - Saved: g:\buiz_fluencer\app\contact\page.tsx
01:01:09 - Opened: g:\buiz_fluencer\.next\types\package.json
01:01:10 - Opened: g:\buiz_fluencer\.next\package.json
01:01:18 - Modified: Workspace event
01:01:18 - Modified: Workspace event
01:01:18 - Modified: Workspace event
01:01:18 - Modified: Workspace event
01:01:18 - Opened: g:\buiz_fluencer\app\contact\page.tsx.git
01:01:20 - Modified: Workspace event
01:01:21 - Modified: Workspace event
01:01:22 - Modified: Workspace event
01:01:22 - Modified: Workspace event
01:01:22 - Modified: Workspace event
01:01:22 - Modified: Workspace event
01:01:22 - Modified: Workspace event
01:01:23 - Modified: Workspace event
01:01:23 - Modified: Workspace event
01:01:24 - Modified: Workspace event
01:01:25 - Modified: Workspace event
01:01:25 - Modified: Workspace event
01:01:25 - Modified: Workspace event
01:01:25 - Modified: Workspace event
01:01:26 - Modified: Workspace event
01:01:26 - Modified: Workspace event
01:01:26 - Saved: g:\buiz_fluencer\app\contact\page.tsx
01:02:23 - Opened: git\scm0\input
01:03:19 - Modified: Workspace event
01:03:19 - Modified: Workspace event
01:03:20 - Modified: Workspace event
01:03:23 - Modified: Workspace event
01:03:23 - Modified: Workspace event
01:03:23 - Saved: g:\buiz_fluencer\app\contact\page.tsx
01:05:25 - Modified: Workspace event
01:05:25 - Modified: Workspace event
01:05:25 - Modified: Workspace event
01:05:26 - Modified: Workspace event
01:05:26 - Modified: Workspace event
01:05:28 - Modified: Workspace event
01:05:28 - Modified: Workspace event
01:05:28 - Saved: g:\buiz_fluencer\app\contact\page.tsx
01:05:54 - Opened: git\scm0\input
23:36:25 - Opened: f:\devlogs\package.json.git
23:36:29 - Opened: f:\devlogs\README.md
23:36:29 - Closed: f:\devlogs\package.json.git
23:36:30 - Opened: f:\devlogs\README.md.git
23:36:32 - Modified: Workspace event
23:36:32 - Modified: Workspace event
23:36:33 - Modified: Workspace event
23:36:33 - Modified: Workspace event
23:36:33 - Modified: Workspace event
23:36:33 - Modified: Workspace event
23:36:33 - Modified: Workspace event
23:36:34 - Modified: Workspace event
23:36:34 - Modified: Workspace event
23:36:34 - Modified: Workspace event
23:36:34 - Modified: Workspace event
23:36:34 - Modified: Workspace event
23:36:35 - Modified: Workspace event
23:36:35 - Modified: Workspace event
23:36:38 - Modified: Workspace event
23:36:38 - Modified: Workspace event
23:36:38 - Modified: Workspace event
23:36:38 - Modified: Workspace event
23:36:38 - Modified: Workspace event
23:36:38 - Modified: Workspace event
23:36:38 - Modified: Workspace event
23:36:38 - Modified: Workspace event
23:36:38 - Modified: Workspace event
23:36:38 - Modified: Workspace event
23:36:38 - Modified: Workspace event
23:36:38 - Modified: Workspace event
23:36:38 - Modified: Workspace event
23:36:41 - Modified: Workspace event
23:36:41 - Modified: Workspace event
23:36:41 - Modified: Workspace event
23:36:42 - Modified: Workspace event
23:36:42 - Modified: Workspace event
23:36:42 - Modified: Workspace event
23:36:45 - Modified: Workspace event
23:36:45 - Modified: Workspace event
23:36:45 - Modified: Workspace event
23:36:45 - Modified: Workspace event
23:36:46 - Modified: Workspace event
23:36:46 - Modified: Workspace event
23:36:46 - Modified: Workspace event
23:36:52 - Modified: Workspace event
23:36:53 - Modified: Workspace event
23:36:59 - Modified: Workspace event
23:37:00 - Modified: Workspace event
23:37:00 - Modified: Workspace event
23:37:00 - Modified: Workspace event
23:37:00 - Modified: Workspace event
23:37:01 - Modified: Workspace event
23:37:01 - Modified: Workspace event
23:37:01 - Modified: Workspace event
23:37:01 - Modified: Workspace event
23:37:01 - Modified: Workspace event
23:37:02 - Modified: Workspace event
23:37:02 - Modified: Workspace event
23:37:02 - Modified: Workspace event
23:37:03 - Modified: Workspace event
23:37:03 - Modified: Workspace event
23:37:04 - Modified: Workspace event
23:37:04 - Modified: Workspace event
23:37:04 - Modified: Workspace event
23:37:04 - Modified: Workspace event
23:37:04 - Modified: Workspace event
23:37:05 - Modified: Workspace event
23:37:05 - Modified: Workspace event
23:37:05 - Modified: Workspace event
23:37:05 - Modified: Workspace event
23:37:05 - Modified: Workspace event
23:37:05 - Modified: Workspace event
23:37:06 - Modified: Workspace event
23:37:11 - Modified: Workspace event
23:37:11 - Modified: Workspace event
23:37:12 - Modified: Workspace event
23:37:12 - Modified: Workspace event
23:37:12 - Modified: Workspace event
23:37:13 - Modified: Workspace event
23:37:13 - Modified: Workspace event
23:37:13 - Modified: Workspace event
23:37:17 - Modified: Workspace event
23:37:17 - Modified: Workspace event
23:37:19 - Modified: Workspace event
23:37:19 - Modified: Workspace event
23:37:19 - Saved: f:\devlogs\README.md
23:37:21 - Closed: f:\devlogs\README.md.git
23:37:22 - Opened: f:\devlogs\package.json.git
23:37:25 - Closed: f:\devlogs\package.json.git
23:37:25 - Opened: f:\devlogs\extension.js.git
23:37:34 - Modified: Workspace event
23:37:34 - Modified: Workspace event
23:37:36 - Modified: Workspace event
23:37:36 - Modified: Workspace event
23:37:36 - Saved: f:\devlogs\extension.js
