01:37:00 - Opened: g:\buiz_fluencer\app\about\page.tsx
01:37:03 - Opened: g:\buiz_fluencer\app\about\page.tsx.git
01:37:05 - Modified: Workspace event
01:37:05 - Modified: Workspace event
01:37:06 - Modified: Workspace event
01:37:07 - Modified: Workspace event
01:37:08 - Modified: Workspace event
01:37:08 - Modified: Workspace event
01:37:09 - Modified: Workspace event
01:37:09 - Modified: Workspace event
01:37:09 - Modified: Workspace event
01:37:10 - Modified: Workspace event
01:37:10 - Modified: Workspace event
01:37:11 - Modified: Workspace event
01:37:11 - Modified: Workspace event
01:37:11 - Modified: Workspace event
01:37:11 - Modified: Workspace event
01:37:13 - Modified: Workspace event
01:37:13 - Modified: Workspace event
01:37:13 - Saved: g:\buiz_fluencer\app\about\page.tsx
01:39:48 - Closed: g:\buiz_fluencer\package.json
01:39:50 - Closed: g:\buiz_fluencer\.next\types\package.json
01:39:50 - Closed: g:\buiz_fluencer\.next\package.json
01:41:34 - Closed: g:\buiz_fluencer\app\about\page.tsx
01:41:34 - Closed: g:\buiz_fluencer\app\about\page.tsx.git
01:41:40 - Opened: g:\buiz_fluencer\app\about\page.tsx
01:41:41 - Opened: g:\buiz_fluencer\app\about\page.tsx.git
01:41:49 - Modified: Workspace event
01:41:49 - Modified: Workspace event
01:41:51 - Modified: Workspace event
01:41:53 - Modified: Workspace event
01:41:53 - Modified: Workspace event
01:41:53 - Saved: g:\buiz_fluencer\app\about\page.tsx
01:41:56 - Closed: g:\buiz_fluencer\app\about\page.tsx
01:41:56 - Closed: g:\buiz_fluencer\app\about\page.tsx.git
01:43:12 - Modified: Workspace event
01:43:12 - Modified: Workspace event
01:43:12 - Modified: Workspace event
01:43:13 - Modified: Workspace event
01:43:13 - Modified: Workspace event
01:43:14 - Modified: Workspace event
01:43:14 - Modified: Workspace event
01:43:15 - Modified: Workspace event
01:43:15 - Modified: Workspace event
01:43:15 - Modified: Workspace event
01:43:15 - Modified: Workspace event
01:43:16 - Modified: Workspace event
01:43:16 - Modified: Workspace event
01:43:17 - Modified: Workspace event
01:43:17 - Modified: Workspace event
01:43:18 - Modified: Workspace event
01:43:18 - Modified: Workspace event
01:43:18 - Modified: Workspace event
01:43:19 - Modified: Workspace event
01:43:19 - Modified: Workspace event
01:43:19 - Saved: g:\buiz_fluencer\app\contact\page.tsx
01:43:22 - Modified: Workspace event
01:43:22 - Modified: Workspace event
01:43:23 - Modified: Workspace event
01:43:23 - Modified: Workspace event
01:43:23 - Saved: g:\buiz_fluencer\app\contact\page.tsx
01:44:08 - Opened: git\scm0\input
01:44:09 - Opened: g:\buiz_fluencer\package.json
01:44:10 - Opened: g:\buiz_fluencer\.next\types\package.json
01:44:10 - Opened: g:\buiz_fluencer\.next\package.json
01:44:14 - Opened: g:\buiz_fluencer\app\contact\page.tsx.git
