12:19:00 - Closed: f:\spl-2\server\server.js.git
12:19:01 - Opened: f:\spl-2\server\models\Event.js.git
12:19:13 - Closed: f:\spl-2\server\models\Event.js.git
12:19:13 - Opened: f:\spl-2\server\services\userService.js.git
12:19:16 - Closed: f:\spl-2\server\services\userService.js.git
12:19:17 - Opened: f:\spl-2\server\services\eventService.js.git
12:19:25 - Closed: f:\spl-2\server\services\eventService.js.git
12:19:25 - Opened: f:\spl-2\server\services\bidService.js.git
12:19:26 - Opened: f:\spl-2\server\models\Message.js
12:19:27 - Closed: f:\spl-2\server\services\bidService.js.git
12:19:27 - Opened: f:\spl-2\server\models\Message.js.git
12:20:11 - Closed: f:\spl-2\server\models\Message.js.git
12:20:12 - Opened: f:\spl-2\server\server.js.git
12:23:05 - Closed: f:\spl-2\server\server.js.git
12:23:06 - Opened: f:\spl-2\server\controllers\bidController.js.git
12:23:14 - Closed: f:\spl-2\server\controllers\bidController.js.git
12:23:15 - Opened: f:\spl-2\server\server.js.git
12:23:22 - Modified: Workspace event
12:23:22 - Modified: Workspace event
12:23:35 - Modified: Workspace event
12:23:35 - Modified: Workspace event
12:23:36 - Modified: Workspace event
12:23:36 - Modified: Workspace event
12:23:46 - Modified: Workspace event
12:23:46 - Modified: Workspace event
12:23:47 - Modified: Workspace event
12:23:51 - Modified: Workspace event
12:23:51 - Modified: Workspace event
12:23:57 - Modified: Workspace event
12:24:02 - Modified: Workspace event
12:24:07 - Modified: Workspace event
12:24:15 - Modified: Workspace event
12:24:21 - Modified: Workspace event
12:24:28 - Modified: Workspace event
12:24:35 - Modified: Workspace event
12:24:43 - Modified: Workspace event
12:24:50 - Modified: Workspace event
12:24:50 - Modified: Workspace event
12:24:51 - Modified: Workspace event
12:24:51 - Modified: Workspace event
12:24:53 - Modified: Workspace event
12:24:56 - Modified: Workspace event
12:24:56 - Modified: Workspace event
12:24:56 - Saved: f:\spl-2\server\server.js
12:26:24 - Closed: f:\spl-2\server\server.js.git
12:26:25 - Opened: f:\spl-2\server\services\bidService.js.git
12:26:42 - Modified: Workspace event
12:26:42 - Modified: Workspace event
12:26:42 - Modified: Workspace event
12:26:44 - Modified: Workspace event
12:26:44 - Modified: Workspace event
12:26:45 - Modified: Workspace event
12:26:46 - Modified: Workspace event
12:26:46 - Modified: Workspace event
12:26:47 - Modified: Workspace event
12:26:49 - Modified: Workspace event
12:26:50 - Modified: Workspace event
12:26:51 - Modified: Workspace event
12:26:57 - Closed: f:\spl-2\server\services\bidService.js.git
12:26:57 - Opened: f:\spl-2\server\services\eventService.js.git
12:27:02 - Modified: Workspace event
12:27:02 - Modified: Workspace event
12:27:04 - Modified: Workspace event
12:27:04 - Modified: Workspace event
12:27:04 - Saved: f:\spl-2\server\services\eventService.js
12:27:05 - Closed: f:\spl-2\server\services\eventService.js.git
12:27:06 - Opened: f:\spl-2\server\services\bidService.js.git
12:27:06 - Modified: Workspace event
12:27:06 - Modified: Workspace event
12:27:06 - Saved: f:\spl-2\server\services\bidService.js
12:27:08 - Closed: f:\spl-2\server\services\bidService.js.git
12:27:09 - Opened: f:\spl-2\server\services\messageService.js.git
12:27:12 - Modified: Workspace event
12:27:12 - Modified: Workspace event
12:27:13 - Modified: Workspace event
12:27:13 - Modified: Workspace event
12:27:13 - Saved: f:\spl-2\server\services\messageService.js
12:27:15 - Closed: f:\spl-2\server\services\messageService.js.git
12:27:15 - Opened: f:\spl-2\server\services\notificationService.js.git
12:27:20 - Modified: Workspace event
12:27:20 - Modified: Workspace event
12:27:21 - Modified: Workspace event
12:27:21 - Modified: Workspace event
12:27:21 - Saved: f:\spl-2\server\services\notificationService.js
12:27:23 - Closed: f:\spl-2\server\services\notificationService.js.git
12:27:23 - Opened: f:\spl-2\server\services\PostService.js.git
12:27:27 - Modified: Workspace event
12:27:27 - Modified: Workspace event
12:27:27 - Modified: Workspace event
12:27:27 - Modified: Workspace event
12:27:27 - Saved: f:\spl-2\server\services\PostService.js
12:27:30 - Modified: Workspace event
12:27:30 - Modified: Workspace event
12:27:31 - Modified: Workspace event
12:27:32 - Modified: Workspace event
12:27:32 - Modified: Workspace event
12:27:32 - Saved: f:\spl-2\server\services\PostService.js
12:27:34 - Closed: f:\spl-2\server\services\PostService.js.git
12:27:35 - Opened: f:\spl-2\server\services\userService.js.git
12:27:39 - Modified: Workspace event
12:27:39 - Modified: Workspace event
12:27:41 - Modified: Workspace event
12:27:42 - Modified: Workspace event
12:27:43 - Modified: Workspace event
12:27:43 - Modified: Workspace event
12:27:43 - Saved: f:\spl-2\server\services\userService.js
12:27:48 - Closed: f:\spl-2\server\services\userService.js.git
12:27:48 - Opened: f:\spl-2\server\routes\eventRoutes.js.git
12:27:49 - Closed: f:\spl-2\server\routes\eventRoutes.js.git
12:27:49 - Opened: f:\spl-2\server\routes\bidRoutes.js.git
12:27:55 - Modified: Workspace event
12:27:55 - Modified: Workspace event
12:28:01 - Modified: Workspace event
12:28:02 - Modified: Workspace event
12:28:02 - Modified: Workspace event
12:28:05 - Modified: Workspace event
12:28:05 - Modified: Workspace event
12:28:05 - Modified: Workspace event
12:28:12 - Modified: Workspace event
12:28:13 - Modified: Workspace event
12:28:14 - Modified: Workspace event
12:28:16 - Modified: Workspace event
12:28:26 - Modified: Workspace event
12:28:26 - Modified: Workspace event
12:28:26 - Modified: Workspace event
12:28:27 - Modified: Workspace event
12:28:28 - Modified: Workspace event
12:28:29 - Modified: Workspace event
12:28:31 - Modified: Workspace event
12:28:31 - Modified: Workspace event
12:28:31 - Saved: f:\spl-2\server\routes\bidRoutes.js
12:28:34 - Closed: f:\spl-2\server\routes\bidRoutes.js.git
12:28:35 - Opened: f:\spl-2\server\routes\eventRoutes.js.git
12:28:38 - Closed: f:\spl-2\server\routes\eventRoutes.js.git
12:28:38 - Opened: f:\spl-2\server\routes\bidRoutes.js.git
12:28:42 - Closed: f:\spl-2\server\routes\bidRoutes.js.git
12:28:43 - Opened: f:\spl-2\server\routes\eventRoutes.js.git
12:28:56 - Modified: Workspace event
12:28:56 - Modified: Workspace event
12:29:05 - Modified: Workspace event
12:29:05 - Modified: Workspace event
12:29:05 - Modified: Workspace event
12:29:08 - Modified: Workspace event
12:29:08 - Modified: Workspace event
12:29:08 - Modified: Workspace event
12:29:14 - Modified: Workspace event
12:29:14 - Modified: Workspace event
12:29:14 - Modified: Workspace event
12:29:15 - Modified: Workspace event
12:29:16 - Modified: Workspace event
12:29:17 - Modified: Workspace event
12:29:19 - Modified: Workspace event
12:29:20 - Modified: Workspace event
12:29:20 - Modified: Workspace event
12:29:21 - Modified: Workspace event
12:29:21 - Modified: Workspace event
12:29:21 - Modified: Workspace event
12:29:21 - Saved: f:\spl-2\server\routes\eventRoutes.js
12:29:23 - Closed: f:\spl-2\server\routes\eventRoutes.js.git
12:29:23 - Opened: f:\spl-2\server\routes\messageRoutes.js.git
12:29:27 - Modified: Workspace event
12:29:27 - Modified: Workspace event
12:29:34 - Modified: Workspace event
12:29:35 - Modified: Workspace event
12:29:35 - Modified: Workspace event
12:29:35 - Modified: Workspace event
12:29:38 - Modified: Workspace event
12:29:38 - Modified: Workspace event
12:29:40 - Modified: Workspace event
12:29:41 - Modified: Workspace event
12:29:41 - Modified: Workspace event
12:29:41 - Modified: Workspace event
12:29:42 - Modified: Workspace event
12:29:42 - Modified: Workspace event
12:29:42 - Saved: f:\spl-2\server\routes\messageRoutes.js
12:29:44 - Closed: f:\spl-2\server\routes\messageRoutes.js.git
12:29:45 - Opened: f:\spl-2\server\routes\notificationRoutes.js.git
12:29:49 - Modified: Workspace event
12:29:49 - Modified: Workspace event
12:29:56 - Modified: Workspace event
12:29:56 - Modified: Workspace event
12:29:56 - Modified: Workspace event
12:29:58 - Modified: Workspace event
12:29:58 - Modified: Workspace event
12:30:00 - Modified: Workspace event
12:30:00 - Modified: Workspace event
12:30:01 - Modified: Workspace event
12:30:01 - Modified: Workspace event
12:30:01 - Saved: f:\spl-2\server\routes\notificationRoutes.js
12:30:03 - Closed: f:\spl-2\server\routes\notificationRoutes.js.git
12:30:04 - Opened: f:\spl-2\server\routes\postRoutes.js.git
12:30:07 - Modified: Workspace event
12:30:07 - Modified: Workspace event
12:30:12 - Modified: Workspace event
12:30:12 - Modified: Workspace event
12:30:12 - Modified: Workspace event
12:30:13 - Modified: Workspace event
12:30:13 - Modified: Workspace event
12:30:16 - Modified: Workspace event
12:30:17 - Modified: Workspace event
12:30:17 - Modified: Workspace event
12:30:17 - Modified: Workspace event
12:30:18 - Modified: Workspace event
12:30:18 - Modified: Workspace event
12:30:18 - Saved: f:\spl-2\server\routes\postRoutes.js
12:30:20 - Closed: f:\spl-2\server\routes\postRoutes.js.git
12:30:21 - Opened: f:\spl-2\server\routes\userRoutes.js.git
12:30:25 - Modified: Workspace event
12:30:25 - Modified: Workspace event
12:30:31 - Modified: Workspace event
12:30:31 - Modified: Workspace event
12:30:31 - Modified: Workspace event
12:30:32 - Modified: Workspace event
12:30:33 - Modified: Workspace event
12:30:35 - Modified: Workspace event
12:30:36 - Modified: Workspace event
12:30:37 - Modified: Workspace event
12:30:37 - Modified: Workspace event
12:30:37 - Saved: f:\spl-2\server\routes\userRoutes.js
12:30:53 - Closed: f:\spl-2\server\routes\userRoutes.js.git
12:30:54 - Opened: f:\spl-2\server\controllers\bidController.js.git
12:30:58 - Modified: Workspace event
12:30:58 - Modified: Workspace event
12:30:58 - Modified: Workspace event
12:31:00 - Modified: Workspace event
12:31:08 - Modified: Workspace event
12:31:13 - Modified: Workspace event
12:31:14 - Modified: Workspace event
12:31:14 - Modified: Workspace event
12:31:17 - Modified: Workspace event
12:31:17 - Modified: Workspace event
12:31:18 - Modified: Workspace event
12:31:22 - Modified: Workspace event
12:31:22 - Modified: Workspace event
12:31:22 - Modified: Workspace event
12:31:22 - Modified: Workspace event
12:31:23 - Modified: Workspace event
12:31:25 - Modified: Workspace event
12:31:25 - Modified: Workspace event
12:31:32 - Modified: Workspace event
12:31:33 - Modified: Workspace event
12:31:40 - Modified: Workspace event
12:31:42 - Modified: Workspace event
12:31:46 - Modified: Workspace event
12:31:46 - Modified: Workspace event
12:31:46 - Modified: Workspace event
12:31:50 - Modified: Workspace event
12:31:50 - Modified: Workspace event
12:31:54 - Modified: Workspace event
12:31:59 - Modified: Workspace event
12:32:00 - Modified: Workspace event
12:32:02 - Modified: Workspace event
12:32:02 - Modified: Workspace event
12:32:02 - Saved: f:\spl-2\server\controllers\bidController.js
12:32:10 - Modified: Workspace event
12:32:10 - Modified: Workspace event
12:32:10 - Modified: Workspace event
12:32:11 - Modified: Workspace event
12:32:14 - Modified: Workspace event
12:32:14 - Modified: Workspace event
12:32:14 - Saved: f:\spl-2\server\controllers\bidController.js
12:32:17 - Closed: f:\spl-2\server\controllers\bidController.js.git
12:32:18 - Opened: f:\spl-2\server\controllers\eventContoller.js.git
12:32:27 - Modified: Workspace event
12:32:27 - Modified: Workspace event
12:32:32 - Modified: Workspace event
12:32:38 - Modified: Workspace event
12:32:38 - Modified: Workspace event
12:32:38 - Modified: Workspace event
12:32:41 - Modified: Workspace event
12:32:42 - Modified: Workspace event
12:32:42 - Modified: Workspace event
12:32:43 - Modified: Workspace event
12:32:44 - Modified: Workspace event
12:32:46 - Modified: Workspace event
12:32:46 - Modified: Workspace event
12:32:46 - Saved: f:\spl-2\server\controllers\eventContoller.js
12:32:51 - Closed: f:\spl-2\server\controllers\eventContoller.js.git
12:32:51 - Opened: f:\spl-2\server\controllers\messageController.js.git
12:32:57 - Modified: Workspace event
12:32:57 - Modified: Workspace event
12:33:01 - Modified: Workspace event
12:33:01 - Modified: Workspace event
12:33:01 - Modified: Workspace event
12:33:03 - Modified: Workspace event
12:33:04 - Modified: Workspace event
12:33:04 - Modified: Workspace event
12:33:05 - Modified: Workspace event
12:33:06 - Modified: Workspace event
12:33:06 - Modified: Workspace event
12:33:06 - Saved: f:\spl-2\server\controllers\messageController.js
12:33:08 - Closed: f:\spl-2\server\controllers\messageController.js.git
12:33:08 - Opened: f:\spl-2\server\controllers\notificationController.js.git
12:33:13 - Modified: Workspace event
12:33:13 - Modified: Workspace event
12:33:18 - Modified: Workspace event
12:33:18 - Modified: Workspace event
12:33:18 - Modified: Workspace event
12:33:20 - Modified: Workspace event
12:33:20 - Modified: Workspace event
12:33:22 - Modified: Workspace event
12:33:23 - Modified: Workspace event
12:33:23 - Modified: Workspace event
12:33:24 - Modified: Workspace event
12:33:24 - Modified: Workspace event
12:33:24 - Modified: Workspace event
12:33:24 - Saved: f:\spl-2\server\controllers\notificationController.js
12:33:26 - Closed: f:\spl-2\server\controllers\notificationController.js.git
12:33:27 - Opened: f:\spl-2\server\controllers\postController.js.git
12:33:32 - Modified: Workspace event
12:33:32 - Modified: Workspace event
12:33:37 - Modified: Workspace event
12:33:37 - Modified: Workspace event
12:33:37 - Modified: Workspace event
12:33:39 - Modified: Workspace event
12:33:40 - Modified: Workspace event
12:33:40 - Modified: Workspace event
12:33:41 - Modified: Workspace event
12:33:41 - Modified: Workspace event
12:33:42 - Modified: Workspace event
12:34:11 - Modified: Workspace event
12:34:12 - Modified: Workspace event
12:34:13 - Modified: Workspace event
12:34:13 - Modified: Workspace event
12:34:15 - Modified: Workspace event
12:34:15 - Modified: Workspace event
12:34:15 - Saved: f:\spl-2\server\controllers\postController.js
12:35:12 - Modified: Workspace event
12:35:12 - Saved: f:\spl-2\server\controllers\postController.js
12:35:14 - Closed: f:\spl-2\server\controllers\postController.js.git
12:35:14 - Opened: f:\spl-2\server\controllers\userController.js.git
12:35:21 - Modified: Workspace event
12:35:21 - Modified: Workspace event
12:35:25 - Modified: Workspace event
12:35:25 - Modified: Workspace event
12:35:25 - Modified: Workspace event
12:35:27 - Modified: Workspace event
12:35:28 - Modified: Workspace event
12:35:29 - Modified: Workspace event
12:35:31 - Modified: Workspace event
12:35:33 - Modified: Workspace event
12:35:33 - Modified: Workspace event
12:35:33 - Saved: f:\spl-2\server\controllers\userController.js
12:38:17 - Modified: Workspace event
12:38:17 - Saved: f:\spl-2\server\controllers\userController.js
12:38:30 - Closed: f:\spl-2\server\controllers\userController.js.git
12:38:31 - Opened: f:\spl-2\server\middlewares\auth.js.git
12:38:36 - Modified: Workspace event
12:38:36 - Modified: Workspace event
12:38:36 - Modified: Workspace event
12:38:36 - Modified: Workspace event
12:38:37 - Modified: Workspace event
12:38:37 - Modified: Workspace event
12:38:38 - Modified: Workspace event
12:38:39 - Modified: Workspace event
12:38:40 - Modified: Workspace event
12:38:42 - Modified: Workspace event
12:38:42 - Modified: Workspace event
12:38:42 - Saved: f:\spl-2\server\middlewares\auth.js
12:38:43 - Closed: f:\spl-2\server\middlewares\auth.js.git
12:38:44 - Opened: f:\spl-2\server\middlewares\error.js.git
12:38:45 - Modified: Workspace event
12:38:45 - Saved: f:\spl-2\server\middlewares\error.js
12:38:58 - Closed: f:\spl-2\server\middlewares\error.js.git
12:38:58 - Opened: f:\spl-2\server\middlewares\auth.js.git
12:39:21 - Modified: Workspace event
12:39:21 - Modified: Workspace event
12:39:21 - Modified: Workspace event
12:39:23 - Modified: Workspace event
12:39:28 - Modified: Workspace event
12:39:29 - Modified: Workspace event
12:39:30 - Modified: Workspace event
12:39:30 - Modified: Workspace event
12:39:30 - Modified: Workspace event
12:39:32 - Modified: Workspace event
12:39:32 - Modified: Workspace event
12:39:32 - Modified: Workspace event
12:39:34 - Modified: Workspace event
12:39:35 - Modified: Workspace event
12:39:36 - Modified: Workspace event
12:39:37 - Modified: Workspace event
12:39:37 - Modified: Workspace event
12:39:37 - Modified: Workspace event
12:39:38 - Modified: Workspace event
12:39:38 - Modified: Workspace event
12:39:38 - Saved: f:\spl-2\server\middlewares\auth.js
12:39:53 - Closed: f:\spl-2\server\middlewares\auth.js.git
12:39:54 - Opened: f:\spl-2\lib\prisma.js.git
12:41:04 - Closed: f:\spl-2\lib\prisma.js.git
12:41:05 - Opened: f:\spl-2\server\middlewares\auth.js.git
12:41:54 - Closed: f:\spl-2\server\middlewares\auth.js.git
12:41:55 - Opened: f:\spl-2\server\services\messageService.js.git
12:42:10 - Closed: f:\spl-2\server\services\messageService.js.git
12:42:10 - Opened: f:\spl-2\server\middlewares\auth.js.git
12:42:16 - Closed: f:\spl-2\server\controllers\eventContoller.js
12:42:16 - Closed: f:\spl-2\server\controllers\bidController.js
12:42:16 - Closed: f:\spl-2\server\middlewares\auth.js.git
12:42:16 - Opened: f:\spl-2\server\controllers\messageController.js.git
12:42:17 - Closed: f:\spl-2\server\controllers\messageController.js
12:42:17 - Closed: f:\spl-2\server\controllers\messageController.js.git
12:42:18 - Opened: f:\spl-2\server\controllers\notificationController.js.git
12:42:19 - Closed: f:\spl-2\server\controllers\notificationController.js
12:42:19 - Closed: f:\spl-2\server\controllers\notificationController.js.git
12:42:19 - Opened: f:\spl-2\server\middlewares\auth.js.git
12:42:20 - Closed: f:\spl-2\server\routes\userRoutes.js
12:42:21 - Closed: f:\spl-2\server\middlewares\auth.js.git
12:42:21 - Opened: f:\spl-2\server\routes\eventRoutes.js.git
12:42:22 - Closed: f:\spl-2\server\routes\eventRoutes.js
12:42:22 - Closed: f:\spl-2\server\routes\eventRoutes.js.git
12:42:22 - Opened: f:\spl-2\server\middlewares\auth.js.git
12:42:23 - Closed: f:\spl-2\server\routes\bidRoutes.js
12:42:25 - Closed: f:\spl-2\server\routes\messageRoutes.js
12:42:26 - Closed: f:\spl-2\server\routes\notificationRoutes.js
12:42:28 - Closed: f:\spl-2\server\routes\postRoutes.js
12:42:29 - Closed: f:\spl-2\prisma\testSeed.js
12:42:31 - Closed: f:\spl-2\server\server.js
12:42:35 - Closed: f:\spl-2\server\models\Message.js
12:42:35 - Closed: f:\spl-2\server\middlewares\auth.js.git
12:42:35 - Opened: f:\spl-2\server\services\PostService.js.git
12:42:36 - Closed: f:\spl-2\server\services\PostService.js
12:42:36 - Closed: f:\spl-2\server\services\PostService.js.git
12:42:37 - Opened: f:\spl-2\server\middlewares\auth.js.git
12:42:38 - Closed: f:\spl-2\server\services\eventService.js
12:42:39 - Closed: f:\spl-2\server\services\bidService.js
12:42:40 - Closed: f:\spl-2\server\services\messageService.js
12:42:42 - Closed: f:\spl-2\server\services\notificationService.js
12:42:43 - Closed: f:\spl-2\server\controllers\userController.js
12:42:44 - Closed: f:\spl-2\server\controllers\postController.js
12:42:45 - Closed: f:\spl-2\server\utils\catchAsync.js
12:42:46 - Closed: f:\spl-2\server\utils\errorHandler.js
12:42:48 - Closed: f:\spl-2\prisma\schema.prisma
12:42:49 - Closed: f:\spl-2\server\middlewares\error.js
12:42:50 - Closed: f:\spl-2\server\middlewares\auth.js
12:42:50 - Closed: f:\spl-2\server\middlewares\auth.js.git
12:42:50 - Opened: f:\spl-2\lib\prisma.js.git
12:42:51 - Closed: f:\spl-2\server\models\Event.js
12:42:55 - Closed: f:\spl-2\server\models\Bid.js
12:42:56 - Closed: f:\spl-2\server\models\Category.js
12:42:57 - Closed: f:\spl-2\server\services\userService.js
12:43:12 - Opened: f:\spl-2\.vscode\settings.json
12:43:12 - Modified: Workspace event
12:43:12 - Modified: Workspace event
12:43:12 - Modified: Workspace event
12:43:12 - Modified: Workspace event
12:43:12 - Saved: f:\spl-2\.vscode\settings.json
12:43:12 - Closed: f:\spl-2\.vscode\settings.json
12:43:13 - Opened: f:\spl-2\.vscode\settings.json
12:43:13 - Modified: Workspace event
12:43:13 - Modified: Workspace event
12:43:13 - Modified: Workspace event
12:43:13 - Modified: Workspace event
12:43:13 - Saved: f:\spl-2\.vscode\settings.json
12:43:13 - Closed: f:\spl-2\.vscode\settings.json
12:43:30 - Closed: f:\spl-2\lib\prisma.js
12:43:30 - Opened: f:\spl-2\server\lib\prisma.js
12:43:30 - Renamed: Workspace event
12:43:30 - Closed: f:\spl-2\lib\prisma.js.git
12:43:31 - Opened: f:\spl-2\server\lib\prisma.js.git
12:43:34 - Opened: f:\spl-2\server\services\PostService.js
12:43:34 - Opened: f:\spl-2\server\services\userService.js
12:43:34 - Opened: f:\spl-2\server\services\eventService.js
12:43:34 - Opened: f:\spl-2\server\services\bidService.js
12:43:34 - Opened: f:\spl-2\server\services\messageService.js
12:43:34 - Opened: f:\spl-2\server\services\notificationService.js
12:43:34 - Opened: f:\spl-2\server\middlewares\auth.js
12:43:34 - Modified: Workspace event
12:43:34 - Modified: Workspace event
12:43:34 - Modified: Workspace event
12:43:34 - Modified: Workspace event
12:43:34 - Modified: Workspace event
12:43:34 - Modified: Workspace event
12:43:34 - Modified: Workspace event
12:43:34 - Modified: Workspace event
12:43:34 - Modified: Workspace event
12:43:34 - Modified: Workspace event
12:43:34 - Modified: Workspace event
12:43:34 - Modified: Workspace event
12:43:34 - Modified: Workspace event
12:43:34 - Modified: Workspace event
12:43:34 - Modified: Workspace event
12:43:34 - Modified: Workspace event
12:43:34 - Saved: f:\spl-2\server\services\PostService.js
12:43:34 - Closed: f:\spl-2\server\services\PostService.js
12:43:35 - Modified: Workspace event
12:43:35 - Modified: Workspace event
12:43:35 - Saved: f:\spl-2\server\services\userService.js
12:43:35 - Closed: f:\spl-2\server\services\userService.js
12:43:35 - Modified: Workspace event
12:43:35 - Modified: Workspace event
12:43:35 - Saved: f:\spl-2\server\services\eventService.js
12:43:35 - Closed: f:\spl-2\server\services\eventService.js
12:43:35 - Modified: Workspace event
12:43:35 - Modified: Workspace event
12:43:35 - Saved: f:\spl-2\server\services\bidService.js
12:43:35 - Closed: f:\spl-2\server\services\bidService.js
12:43:35 - Modified: Workspace event
12:43:35 - Modified: Workspace event
12:43:35 - Saved: f:\spl-2\server\services\notificationService.js
12:43:35 - Closed: f:\spl-2\server\services\notificationService.js
12:43:35 - Modified: Workspace event
12:43:35 - Modified: Workspace event
12:43:35 - Saved: f:\spl-2\server\services\messageService.js
12:43:35 - Closed: f:\spl-2\server\services\messageService.js
12:43:35 - Modified: Workspace event
12:43:35 - Modified: Workspace event
12:43:35 - Saved: f:\spl-2\server\middlewares\auth.js
12:43:35 - Closed: f:\spl-2\server\middlewares\auth.js
12:43:46 - Opened: f:\spl-2\.vscode\settings.json
12:43:46 - Modified: Workspace event
12:43:46 - Modified: Workspace event
12:43:47 - Modified: Workspace event
12:43:47 - Modified: Workspace event
12:43:47 - Saved: f:\spl-2\.vscode\settings.json
12:43:47 - Closed: f:\spl-2\.vscode\settings.json
12:43:47 - Opened: f:\spl-2\.vscode\settings.json
12:43:47 - Modified: Workspace event
12:43:47 - Modified: Workspace event
12:43:47 - Modified: Workspace event
12:43:47 - Modified: Workspace event
12:43:47 - Saved: f:\spl-2\.vscode\settings.json
12:43:47 - Closed: f:\spl-2\.vscode\settings.json
12:43:49 - Opened: f:\spl-2\server\services\bidService.js
12:43:49 - Opened: f:\spl-2\server\services\eventService.js
12:43:54 - Closed: f:\spl-2\server\lib\prisma.js.git
12:43:55 - Opened: f:\spl-2\server\services\bidService.js.git
12:44:52 - Opened: f:\spl-2\server\server.js
12:44:52 - Closed: f:\spl-2\server\services\bidService.js.git
12:44:53 - Opened: f:\spl-2\server\server.js.git
12:45:03 - Modified: Workspace event
12:45:03 - Modified: Workspace event
12:45:06 - Modified: Workspace event
12:45:06 - Modified: Workspace event
12:45:09 - Modified: Workspace event
12:45:10 - Modified: Workspace event
12:45:11 - Modified: Workspace event
12:45:14 - Modified: Workspace event
12:45:16 - Modified: Workspace event
12:45:16 - Modified: Workspace event
12:45:16 - Saved: f:\spl-2\server\server.js
12:46:49 - Opened: f:\spl-2\package.json
12:46:50 - Closed: f:\spl-2\server\server.js.git
12:46:50 - Closed: f:\spl-2\server\services\bidService.js
12:46:50 - Closed: f:\spl-2\server\services\eventService.js
12:46:51 - Opened: f:\spl-2\package.json.git
12:46:55 - Modified: Workspace event
12:46:55 - Saved: f:\spl-2\package.json
12:52:14 - Closed: f:\spl-2\package.json.git
12:52:15 - Opened: f:\spl-2\server\lib\prisma.js.git
12:52:41 - Opened: f:\spl-2\.vscode\settings.json
12:52:41 - Modified: Workspace event
12:52:41 - Modified: Workspace event
12:52:42 - Modified: Workspace event
12:52:42 - Modified: Workspace event
12:52:42 - Saved: f:\spl-2\.vscode\settings.json
12:52:42 - Closed: f:\spl-2\.vscode\settings.json
12:52:42 - Opened: f:\spl-2\.vscode\settings.json
12:52:42 - Modified: Workspace event
12:52:42 - Modified: Workspace event
12:52:42 - Modified: Workspace event
12:52:42 - Modified: Workspace event
12:52:42 - Saved: f:\spl-2\.vscode\settings.json
12:52:42 - Closed: f:\spl-2\.vscode\settings.json
12:52:42 - Opened: f:\spl-2\server\services\bidService.js
12:52:42 - Opened: f:\spl-2\server\services\eventService.js
12:52:47 - Opened: f:\spl-2\server\services\messageService.js
12:52:48 - Closed: f:\spl-2\server\lib\prisma.js.git
12:52:48 - Opened: f:\spl-2\server\services\eventService.js.git
12:52:53 - Modified: Workspace event
12:52:53 - Modified: Workspace event
12:52:53 - Modified: Workspace event
12:52:53 - Modified: Workspace event
12:52:53 - Modified: Workspace event
12:52:53 - Modified: Workspace event
12:52:53 - Modified: Workspace event
12:52:53 - Modified: Workspace event
12:52:53 - Modified: Workspace event
12:52:54 - Modified: Workspace event
12:52:54 - Modified: Workspace event
12:52:56 - Modified: Workspace event
12:52:56 - Modified: Workspace event
12:52:56 - Modified: Workspace event
12:52:57 - Modified: Workspace event
12:52:59 - Modified: Workspace event
12:53:00 - Modified: Workspace event
12:53:01 - Modified: Workspace event
12:53:01 - Modified: Workspace event
12:53:01 - Modified: Workspace event
12:53:02 - Modified: Workspace event
12:53:02 - Modified: Workspace event
12:53:02 - Saved: f:\spl-2\server\services\eventService.js
12:53:06 - Closed: f:\spl-2\server\services\eventService.js.git
12:53:06 - Opened: f:\spl-2\server\services\bidService.js.git
12:53:09 - Closed: f:\spl-2\server\services\bidService.js.git
12:53:09 - Opened: f:\spl-2\server\services\eventService.js.git
12:53:11 - Closed: f:\spl-2\server\services\eventService.js.git
12:53:12 - Opened: f:\spl-2\server\services\bidService.js.git
12:53:13 - Closed: f:\spl-2\server\services\bidService.js.git
12:53:14 - Opened: f:\spl-2\server\lib\prisma.js.git
12:53:18 - Closed: f:\spl-2\server\lib\prisma.js.git
12:53:18 - Opened: f:\spl-2\server\services\bidService.js.git
12:53:21 - Closed: f:\spl-2\server\services\bidService.js.git
12:53:21 - Opened: f:\spl-2\server\services\eventService.js.git
12:53:23 - Closed: f:\spl-2\server\services\eventService.js.git
12:53:23 - Opened: f:\spl-2\server\services\bidService.js.git
12:53:25 - Modified: Workspace event
12:53:25 - Modified: Workspace event
12:53:26 - Modified: Workspace event
12:53:26 - Modified: Workspace event
12:53:27 - Modified: Workspace event
12:53:27 - Modified: Workspace event
12:53:27 - Saved: f:\spl-2\server\services\bidService.js
12:53:29 - Opened: f:\spl-2\server\services\notificationService.js
12:53:30 - Closed: f:\spl-2\server\services\bidService.js.git
12:53:30 - Opened: f:\spl-2\server\services\messageService.js.git
12:53:33 - Modified: Workspace event
12:53:33 - Modified: Workspace event
12:53:33 - Modified: Workspace event
12:53:34 - Modified: Workspace event
12:53:35 - Modified: Workspace event
12:53:35 - Modified: Workspace event
12:53:35 - Saved: f:\spl-2\server\services\messageService.js
12:53:37 - Opened: f:\spl-2\server\services\PostService.js
12:53:38 - Closed: f:\spl-2\server\services\messageService.js.git
12:53:38 - Opened: f:\spl-2\server\services\notificationService.js.git
12:53:42 - Modified: Workspace event
12:53:42 - Modified: Workspace event
12:53:42 - Modified: Workspace event
12:53:42 - Modified: Workspace event
12:53:43 - Modified: Workspace event
12:53:43 - Modified: Workspace event
12:53:43 - Saved: f:\spl-2\server\services\notificationService.js
12:53:44 - Opened: f:\spl-2\server\services\userService.js
12:53:45 - Closed: f:\spl-2\server\services\notificationService.js.git
12:53:46 - Opened: f:\spl-2\server\services\PostService.js.git
12:53:48 - Modified: Workspace event
12:53:48 - Modified: Workspace event
12:53:49 - Modified: Workspace event
12:53:49 - Modified: Workspace event
12:53:50 - Modified: Workspace event
12:53:50 - Modified: Workspace event
12:53:50 - Saved: f:\spl-2\server\services\PostService.js
12:53:51 - Opened: f:\spl-2\server\middlewares\auth.js
12:53:52 - Closed: f:\spl-2\server\services\PostService.js.git
12:53:52 - Opened: f:\spl-2\server\services\userService.js.git
12:53:54 - Modified: Workspace event
12:53:54 - Modified: Workspace event
12:53:54 - Modified: Workspace event
12:53:54 - Modified: Workspace event
12:53:55 - Modified: Workspace event
12:53:55 - Modified: Workspace event
12:53:55 - Saved: f:\spl-2\server\services\userService.js
12:53:58 - Closed: f:\spl-2\server\services\userService.js.git
12:53:58 - Opened: f:\spl-2\server\middlewares\auth.js.git
12:54:01 - Modified: Workspace event
12:54:01 - Saved: f:\spl-2\server\middlewares\auth.js
12:54:25 - Closed: f:\spl-2\server\middlewares\auth.js.git
12:54:25 - Opened: f:\spl-2\server\services\notificationService.js.git
12:54:27 - Closed: f:\spl-2\server\services\notificationService.js.git
12:54:27 - Opened: f:\spl-2\server\services\messageService.js.git
12:54:27 - Closed: f:\spl-2\server\services\messageService.js.git
12:54:28 - Opened: f:\spl-2\server\services\bidService.js.git
12:54:28 - Closed: f:\spl-2\server\services\bidService.js.git
12:54:28 - Opened: f:\spl-2\server\services\eventService.js.git
12:54:29 - Closed: f:\spl-2\server\services\eventService.js.git
12:54:29 - Opened: f:\spl-2\server\lib\prisma.js.git
12:54:31 - Closed: f:\spl-2\server\server.js
12:54:34 - Modified: Workspace event
12:54:34 - Modified: Workspace event
12:54:36 - Modified: Workspace event
12:54:37 - Modified: Workspace event
12:54:37 - Modified: Workspace event
12:54:37 - Saved: f:\spl-2\server\lib\prisma.js
12:54:38 - Modified: Workspace event
12:54:38 - Saved: f:\spl-2\server\lib\prisma.js
12:54:38 - Modified: Workspace event
12:54:38 - Saved: f:\spl-2\server\lib\prisma.js
12:54:38 - Modified: Workspace event
12:54:38 - Saved: f:\spl-2\server\lib\prisma.js
12:55:32 - Closed: f:\spl-2\server\lib\prisma.js.git
12:55:32 - Opened: f:\spl-2\server\middlewares\auth.js.git
12:55:36 - Modified: Workspace event
12:55:36 - Modified: Workspace event
12:55:39 - Modified: Workspace event
12:55:41 - Modified: Workspace event
12:55:41 - Modified: Workspace event
12:55:41 - Saved: f:\spl-2\server\middlewares\auth.js
12:55:42 - Closed: f:\spl-2\server\services\bidService.js
12:55:42 - Closed: f:\spl-2\server\services\eventService.js
12:55:43 - Modified: Workspace event
12:55:43 - Modified: Workspace event
12:55:44 - Modified: Workspace event
12:55:45 - Modified: Workspace event
12:55:45 - Modified: Workspace event
12:55:45 - Saved: f:\spl-2\server\middlewares\auth.js
12:55:47 - Closed: f:\spl-2\server\services\messageService.js
12:56:29 - Closed: f:\spl-2\server\services\notificationService.js
12:56:44 - Closed: f:\spl-2\server\services\PostService.js
12:56:44 - Closed: f:\spl-2\server\services\userService.js
13:02:21 - Opened: f:\spl-2\server\server.js
13:02:21 - Closed: f:\spl-2\server\middlewares\auth.js.git
13:02:22 - Opened: f:\spl-2\server\server.js.git
13:02:30 - Opened: f:\spl-2\server\routes\postRoutes.js
13:02:30 - Closed: f:\spl-2\server\server.js.git
13:02:30 - Opened: f:\spl-2\server\routes\postRoutes.js.git
13:03:18 - Closed: f:\spl-2\server\routes\postRoutes.js.git
13:03:19 - Opened: f:\spl-2\server\server.js.git
13:03:23 - Closed: f:\spl-2\server\routes\postRoutes.js
13:03:23 - Opened: f:\spl-2\server\routes\eventRoutes.js
13:03:23 - Closed: f:\spl-2\server\server.js.git
13:03:24 - Opened: f:\spl-2\server\routes\eventRoutes.js.git
13:03:57 - Closed: f:\spl-2\server\routes\eventRoutes.js
13:03:57 - Opened: f:\spl-2\server\routes\postRoutes.js
13:03:57 - Closed: f:\spl-2\server\routes\eventRoutes.js.git
13:03:57 - Opened: f:\spl-2\server\routes\postRoutes.js.git
13:04:10 - Opened: f:\spl-2\server\controllers\postController.js
13:04:10 - Closed: f:\spl-2\server\routes\postRoutes.js.git
13:04:11 - Opened: f:\spl-2\server\controllers\postController.js.git
