14:25:23 - Modified: Workspace event
14:25:23 - Saved: g:\University\LAB-3-1\DBMS\KD Tree\kd_tree.py
14:25:24 - Modified: Workspace event
14:25:24 - Saved: g:\University\LAB-3-1\DBMS\KD Tree\kd_tree.py
14:25:33 - Modified: Workspace event
14:25:33 - Saved: g:\University\LAB-3-1\DBMS\KD Tree\kd_tree.py
14:28:59 - Modified: Workspace event
14:28:59 - Modified: Workspace event
14:29:03 - Modified: Workspace event
14:29:06 - Modified: Workspace event
14:29:06 - Modified: Workspace event
14:29:06 - Saved: g:\University\LAB-3-1\DBMS\KD Tree\kd_tree.py
14:30:47 - Modified: Workspace event
14:30:47 - Modified: Workspace event
14:30:50 - Modified: Workspace event
14:30:55 - Modified: Workspace event
14:30:57 - Modified: Workspace event
14:30:57 - Modified: Workspace event
14:31:00 - Modified: Workspace event
14:31:00 - Modified: Workspace event
14:31:00 - Saved: g:\University\LAB-3-1\DBMS\KD Tree\kd_tree.py
14:31:09 - Modified: Workspace event
14:31:09 - Modified: Workspace event
14:31:10 - Modified: Workspace event
14:31:11 - Modified: Workspace event
14:31:11 - Modified: Workspace event
14:31:11 - Saved: g:\University\LAB-3-1\DBMS\KD Tree\kd_tree.py
14:31:33 - Modified: Workspace event
14:31:33 - Modified: Workspace event
14:31:33 - Modified: Workspace event
14:31:34 - Modified: Workspace event
14:31:34 - Modified: Workspace event
14:31:34 - Modified: Workspace event
14:31:36 - Modified: Workspace event
14:31:36 - Modified: Workspace event
14:31:38 - Modified: Workspace event
14:31:38 - Modified: Workspace event
14:31:40 - Modified: Workspace event
14:31:40 - Modified: Workspace event
14:31:40 - Saved: g:\University\LAB-3-1\DBMS\KD Tree\kd_tree.py
14:31:57 - Modified: Workspace event
14:31:57 - Saved: g:\University\LAB-3-1\DBMS\KD Tree\kd_tree.py
20:44:45 - Opened: f:\spl-2\server\services\PostService.js
20:44:45 - Closed: f:\spl-2\server\models\Event.js.git
20:44:45 - Opened: f:\spl-2\server\services\PostService.js.git
20:45:06 - Modified: Workspace event
20:45:06 - Modified: Workspace event
20:45:10 - Modified: Workspace event
20:45:10 - Modified: Workspace event
20:45:11 - Modified: Workspace event
20:45:12 - Modified: Workspace event
20:45:13 - Modified: Workspace event
20:45:13 - Modified: Workspace event
20:45:13 - Modified: Workspace event
20:45:13 - Modified: Workspace event
20:45:14 - Modified: Workspace event
20:45:14 - Modified: Workspace event
20:45:14 - Modified: Workspace event
20:45:14 - Modified: Workspace event
20:45:16 - Modified: Workspace event
20:45:16 - Modified: Workspace event
20:45:16 - Saved: f:\spl-2\server\services\PostService.js
20:45:39 - Modified: Workspace event
20:45:39 - Modified: Workspace event
20:45:40 - Modified: Workspace event
20:45:42 - Modified: Workspace event
20:45:42 - Modified: Workspace event
20:45:42 - Modified: Workspace event
20:45:43 - Modified: Workspace event
20:45:43 - Modified: Workspace event
20:45:43 - Modified: Workspace event
20:45:44 - Modified: Workspace event
20:45:44 - Modified: Workspace event
20:45:50 - Modified: Workspace event
20:45:50 - Modified: Workspace event
20:45:50 - Modified: Workspace event
20:45:50 - Modified: Workspace event
20:45:50 - Modified: Workspace event
20:45:50 - Modified: Workspace event
20:45:52 - Modified: Workspace event
20:45:53 - Modified: Workspace event
20:45:53 - Modified: Workspace event
20:45:54 - Modified: Workspace event
20:45:54 - Modified: Workspace event
20:45:55 - Modified: Workspace event
20:45:57 - Modified: Workspace event
20:45:58 - Modified: Workspace event
20:45:59 - Modified: Workspace event
20:46:00 - Modified: Workspace event
20:46:01 - Modified: Workspace event
20:46:02 - Modified: Workspace event
20:46:05 - Modified: Workspace event
20:46:06 - Modified: Workspace event
20:46:17 - Opened: f:\spl-2\lib\prisma.js
20:46:17 - Closed: f:\spl-2\server\services\PostService.js.git
20:46:18 - Opened: f:\spl-2\lib\prisma.js.git
20:47:22 - Opened: f:\spl-2\prisma\seed.js
20:47:22 - Closed: f:\spl-2\lib\prisma.js.git
20:47:23 - Opened: f:\spl-2\prisma\seed.js.git
20:47:29 - Closed: f:\spl-2\prisma\seed.js
20:47:29 - Opened: f:\spl-2\prisma\testSeed.js
20:47:29 - Closed: f:\spl-2\prisma\seed.js.git
20:47:29 - Opened: f:\spl-2\prisma\testSeed.js.git
20:47:58 - Closed: f:\spl-2\prisma\testSeed.js.git
20:47:58 - Opened: f:\spl-2\lib\prisma.js.git
20:50:36 - Opened: \response_5dc4a84e-fee3-4753-bf7c-e272175a764d\0
20:50:36 - Opened: \response_5c660317-4077-463b-aeb4-450a381dcdc6\0
20:50:36 - Opened: \response_5037a548-02d8-4e6d-aa01-e27acb68136e\0
20:50:36 - Opened: \response_68b0affd-b09d-4669-90b7-26616e5d666c\0
20:50:36 - Opened: \response_f18232d9-c6d5-4d77-83d0-195b3cebbb42\0
20:50:36 - Opened: \response_96816e69-32a9-4e31-89c7-d7bc7bf93700\0
20:50:36 - Opened: \response_1af7292b-2766-47e8-aad0-ae243206c9d8\0
20:50:36 - Opened: \response_a60c632b-c254-4690-90a5-abba0f6ac334\0
20:50:36 - Opened: \response_6025d487-2aac-4c12-8ca5-d1330165b24c\0
20:50:36 - Opened: \response_6e2ac8ff-56b3-449c-bb67-d855d5f8e039\0
20:50:36 - Opened: \response_3fd49f67-d87a-47df-b65c-783cc0ca7005\0
20:50:36 - Opened: \response_5987874f-785a-45fc-8a7c-4fab104d4301\0
20:50:36 - Closed: \response_5dc4a84e-fee3-4753-bf7c-e272175a764d\0
20:50:36 - Opened: \response_5dc4a84e-fee3-4753-bf7c-e272175a764d\0
20:50:36 - Modified: Workspace event
20:50:36 - Modified: Workspace event
20:50:36 - Modified: Workspace event
20:50:36 - Modified: Workspace event
20:50:36 - Modified: Workspace event
20:50:36 - Modified: Workspace event
20:50:36 - Modified: Workspace event
20:50:36 - Modified: Workspace event
20:50:36 - Modified: Workspace event
20:50:36 - Closed: \response_6e2ac8ff-56b3-449c-bb67-d855d5f8e039\0
20:50:36 - Opened: \response_6e2ac8ff-56b3-449c-bb67-d855d5f8e039\0
20:50:36 - Modified: Workspace event
20:50:36 - Closed: \response_3fd49f67-d87a-47df-b65c-783cc0ca7005\0
20:50:36 - Opened: \response_3fd49f67-d87a-47df-b65c-783cc0ca7005\0
20:50:36 - Modified: Workspace event
20:50:36 - Closed: \response_5987874f-785a-45fc-8a7c-4fab104d4301\0
20:50:36 - Opened: \response_5987874f-785a-45fc-8a7c-4fab104d4301\0
20:50:36 - Modified: Workspace event
20:51:02 - Opened: \response_250e5ef5-a897-40c4-b08f-606bcc89b803\0
20:51:02 - Closed: \response_250e5ef5-a897-40c4-b08f-606bcc89b803\0
20:51:02 - Opened: \response_250e5ef5-a897-40c4-b08f-606bcc89b803\0
20:51:02 - Modified: Workspace event
20:51:02 - Modified: Workspace event
20:51:02 - Modified: Workspace event
20:51:02 - Modified: Workspace event
20:51:03 - Modified: Workspace event
20:51:03 - Modified: Workspace event
20:51:03 - Modified: Workspace event
20:51:03 - Modified: Workspace event
20:51:03 - Modified: Workspace event
20:51:03 - Modified: Workspace event
20:51:03 - Modified: Workspace event
20:51:03 - Modified: Workspace event
20:51:03 - Modified: Workspace event
20:51:03 - Modified: Workspace event
20:51:03 - Modified: Workspace event
20:51:03 - Modified: Workspace event
20:51:03 - Modified: Workspace event
20:51:03 - Modified: Workspace event
20:51:03 - Modified: Workspace event
20:51:04 - Modified: Workspace event
20:51:04 - Modified: Workspace event
20:51:04 - Modified: Workspace event
20:51:04 - Modified: Workspace event
20:51:04 - Modified: Workspace event
20:51:04 - Modified: Workspace event
20:51:04 - Modified: Workspace event
20:51:04 - Modified: Workspace event
20:51:04 - Modified: Workspace event
20:51:05 - Modified: Workspace event
20:51:05 - Modified: Workspace event
20:51:05 - Modified: Workspace event
20:51:05 - Modified: Workspace event
20:51:05 - Modified: Workspace event
20:51:05 - Modified: Workspace event
20:51:05 - Modified: Workspace event
20:51:05 - Modified: Workspace event
20:51:05 - Modified: Workspace event
20:51:05 - Modified: Workspace event
20:51:05 - Modified: Workspace event
20:51:05 - Modified: Workspace event
20:51:05 - Modified: Workspace event
20:51:05 - Modified: Workspace event
20:51:05 - Modified: Workspace event
20:51:05 - Modified: Workspace event
20:51:05 - Modified: Workspace event
20:51:05 - Modified: Workspace event
20:51:05 - Modified: Workspace event
20:51:05 - Modified: Workspace event
20:51:06 - Modified: Workspace event
20:51:06 - Modified: Workspace event
20:51:06 - Modified: Workspace event
20:51:06 - Modified: Workspace event
20:51:06 - Modified: Workspace event
20:51:06 - Modified: Workspace event
20:51:06 - Modified: Workspace event
20:51:06 - Modified: Workspace event
20:51:06 - Modified: Workspace event
20:51:06 - Modified: Workspace event
20:51:06 - Modified: Workspace event
20:51:06 - Modified: Workspace event
20:51:06 - Modified: Workspace event
20:51:06 - Modified: Workspace event
20:51:06 - Modified: Workspace event
20:51:06 - Modified: Workspace event
20:51:06 - Modified: Workspace event
20:51:06 - Modified: Workspace event
20:51:06 - Modified: Workspace event
20:51:07 - Modified: Workspace event
20:51:07 - Modified: Workspace event
20:51:07 - Modified: Workspace event
20:51:07 - Modified: Workspace event
20:51:07 - Modified: Workspace event
20:51:07 - Modified: Workspace event
20:51:07 - Modified: Workspace event
20:51:07 - Modified: Workspace event
20:51:07 - Modified: Workspace event
20:51:07 - Modified: Workspace event
20:51:07 - Modified: Workspace event
20:51:07 - Modified: Workspace event
20:51:07 - Modified: Workspace event
20:51:07 - Modified: Workspace event
20:51:07 - Modified: Workspace event
20:51:07 - Modified: Workspace event
20:51:07 - Modified: Workspace event
20:51:07 - Modified: Workspace event
20:51:07 - Modified: Workspace event
20:51:07 - Modified: Workspace event
20:51:08 - Modified: Workspace event
20:51:08 - Modified: Workspace event
20:51:08 - Modified: Workspace event
20:51:08 - Modified: Workspace event
20:51:08 - Modified: Workspace event
20:51:08 - Modified: Workspace event
20:51:08 - Modified: Workspace event
20:51:08 - Modified: Workspace event
20:51:08 - Modified: Workspace event
20:51:08 - Modified: Workspace event
20:51:08 - Modified: Workspace event
20:51:08 - Modified: Workspace event
20:51:08 - Modified: Workspace event
20:51:08 - Modified: Workspace event
20:51:08 - Modified: Workspace event
20:51:08 - Modified: Workspace event
20:51:08 - Modified: Workspace event
20:51:08 - Modified: Workspace event
20:51:08 - Modified: Workspace event
20:51:08 - Modified: Workspace event
20:51:09 - Modified: Workspace event
20:51:09 - Modified: Workspace event
20:51:09 - Modified: Workspace event
20:51:09 - Modified: Workspace event
20:51:09 - Modified: Workspace event
20:51:09 - Modified: Workspace event
20:51:09 - Modified: Workspace event
20:51:09 - Modified: Workspace event
20:51:09 - Modified: Workspace event
20:51:09 - Modified: Workspace event
20:51:09 - Modified: Workspace event
20:51:09 - Modified: Workspace event
20:51:09 - Modified: Workspace event
20:51:09 - Modified: Workspace event
20:51:09 - Modified: Workspace event
20:51:09 - Modified: Workspace event
20:51:09 - Modified: Workspace event
20:51:09 - Modified: Workspace event
20:51:09 - Modified: Workspace event
20:51:10 - Modified: Workspace event
20:51:10 - Modified: Workspace event
20:51:10 - Modified: Workspace event
20:51:10 - Modified: Workspace event
20:51:10 - Modified: Workspace event
20:51:10 - Modified: Workspace event
20:51:10 - Modified: Workspace event
20:51:10 - Modified: Workspace event
20:51:10 - Modified: Workspace event
20:51:10 - Modified: Workspace event
20:51:10 - Modified: Workspace event
20:51:10 - Modified: Workspace event
20:51:10 - Modified: Workspace event
20:51:10 - Modified: Workspace event
20:51:10 - Modified: Workspace event
20:51:10 - Modified: Workspace event
20:51:10 - Modified: Workspace event
20:51:10 - Modified: Workspace event
20:51:10 - Modified: Workspace event
20:51:10 - Modified: Workspace event
20:51:11 - Modified: Workspace event
20:51:11 - Modified: Workspace event
20:51:11 - Modified: Workspace event
20:51:11 - Modified: Workspace event
20:51:11 - Modified: Workspace event
20:51:11 - Modified: Workspace event
20:51:11 - Modified: Workspace event
20:51:11 - Modified: Workspace event
20:51:11 - Modified: Workspace event
20:51:11 - Modified: Workspace event
20:51:11 - Modified: Workspace event
20:51:11 - Modified: Workspace event
20:51:11 - Modified: Workspace event
20:51:11 - Modified: Workspace event
20:51:11 - Modified: Workspace event
20:51:11 - Modified: Workspace event
20:51:11 - Modified: Workspace event
20:51:11 - Modified: Workspace event
20:51:11 - Modified: Workspace event
20:51:11 - Modified: Workspace event
20:51:12 - Modified: Workspace event
20:51:12 - Modified: Workspace event
20:51:12 - Modified: Workspace event
20:51:12 - Modified: Workspace event
20:51:12 - Modified: Workspace event
20:51:12 - Modified: Workspace event
20:51:12 - Modified: Workspace event
20:51:12 - Modified: Workspace event
20:51:12 - Modified: Workspace event
20:51:12 - Modified: Workspace event
20:51:12 - Modified: Workspace event
20:51:12 - Modified: Workspace event
20:51:12 - Modified: Workspace event
20:51:12 - Modified: Workspace event
20:51:12 - Modified: Workspace event
20:51:12 - Modified: Workspace event
20:51:12 - Modified: Workspace event
20:51:12 - Modified: Workspace event
20:51:12 - Modified: Workspace event
20:51:13 - Modified: Workspace event
20:51:13 - Modified: Workspace event
20:51:13 - Modified: Workspace event
20:51:13 - Modified: Workspace event
20:51:13 - Modified: Workspace event
20:51:13 - Modified: Workspace event
20:51:13 - Modified: Workspace event
20:51:13 - Modified: Workspace event
20:51:13 - Modified: Workspace event
20:51:13 - Modified: Workspace event
20:51:13 - Modified: Workspace event
20:51:13 - Modified: Workspace event
20:51:13 - Modified: Workspace event
20:51:14 - Modified: Workspace event
20:51:14 - Modified: Workspace event
20:51:14 - Modified: Workspace event
20:51:14 - Modified: Workspace event
20:51:14 - Modified: Workspace event
20:51:14 - Modified: Workspace event
20:51:14 - Modified: Workspace event
20:51:14 - Modified: Workspace event
20:51:14 - Modified: Workspace event
20:51:14 - Modified: Workspace event
20:51:14 - Modified: Workspace event
20:51:14 - Modified: Workspace event
20:52:05 - Opened: \response_361c7543-9c6f-4553-9229-a60f72c54f88\0
20:52:05 - Closed: \response_361c7543-9c6f-4553-9229-a60f72c54f88\0
20:52:05 - Opened: \response_361c7543-9c6f-4553-9229-a60f72c54f88\0
20:52:05 - Modified: Workspace event
20:52:05 - Modified: Workspace event
20:52:05 - Modified: Workspace event
20:52:05 - Modified: Workspace event
20:52:05 - Modified: Workspace event
20:52:05 - Modified: Workspace event
20:52:07 - Modified: Workspace event
20:52:07 - Modified: Workspace event
20:52:07 - Modified: Workspace event
20:52:07 - Modified: Workspace event
20:52:07 - Modified: Workspace event
20:52:07 - Modified: Workspace event
20:52:07 - Modified: Workspace event
20:52:07 - Modified: Workspace event
20:52:07 - Modified: Workspace event
20:52:07 - Modified: Workspace event
20:52:07 - Modified: Workspace event
20:52:07 - Modified: Workspace event
20:52:07 - Modified: Workspace event
20:52:07 - Modified: Workspace event
20:52:07 - Modified: Workspace event
20:52:07 - Modified: Workspace event
20:52:07 - Modified: Workspace event
20:52:07 - Modified: Workspace event
20:52:08 - Modified: Workspace event
20:52:08 - Modified: Workspace event
20:52:08 - Modified: Workspace event
20:52:08 - Modified: Workspace event
20:52:08 - Modified: Workspace event
20:52:08 - Modified: Workspace event
20:52:08 - Modified: Workspace event
20:52:08 - Modified: Workspace event
20:52:08 - Modified: Workspace event
20:52:08 - Modified: Workspace event
20:52:08 - Modified: Workspace event
20:52:08 - Modified: Workspace event
20:52:08 - Modified: Workspace event
20:52:08 - Modified: Workspace event
20:52:08 - Modified: Workspace event
20:52:09 - Modified: Workspace event
20:52:09 - Modified: Workspace event
20:52:09 - Modified: Workspace event
20:52:09 - Modified: Workspace event
20:52:09 - Modified: Workspace event
20:52:09 - Modified: Workspace event
20:52:09 - Modified: Workspace event
20:52:09 - Modified: Workspace event
20:52:09 - Modified: Workspace event
20:52:09 - Modified: Workspace event
20:52:09 - Modified: Workspace event
20:52:09 - Modified: Workspace event
20:52:09 - Modified: Workspace event
20:52:09 - Modified: Workspace event
20:52:09 - Modified: Workspace event
20:52:09 - Modified: Workspace event
20:52:09 - Modified: Workspace event
20:52:09 - Modified: Workspace event
20:52:10 - Modified: Workspace event
20:52:10 - Modified: Workspace event
20:52:10 - Modified: Workspace event
20:52:10 - Modified: Workspace event
20:52:10 - Modified: Workspace event
20:52:10 - Modified: Workspace event
20:52:10 - Modified: Workspace event
20:52:10 - Modified: Workspace event
20:52:10 - Modified: Workspace event
20:52:10 - Modified: Workspace event
20:52:10 - Modified: Workspace event
20:52:10 - Modified: Workspace event
20:52:10 - Modified: Workspace event
20:52:10 - Modified: Workspace event
20:52:10 - Modified: Workspace event
20:52:10 - Modified: Workspace event
