11:00:46 - Modified: Workspace event
11:00:46 - Saved: g:\University\LAB-3-1\DBMS\decision tree\decision_tree2.py
11:00:49 - Closed: g:\University\LAB-3-1\DBMS\decision tree\decision_tree2.py.git
11:00:50 - Opened: g:\University\LAB-3-1\DBMS\decision tree\decision_tree.py.git
11:00:51 - Modified: Workspace event
11:00:51 - Saved: g:\University\LAB-3-1\DBMS\decision tree\decision_tree.py
11:00:53 - Closed: g:\University\LAB-3-1\DBMS\decision tree\decision_tree.py.git
11:00:53 - Opened: g:\University\LAB-3-1\DBMS\decision tree\decision_tree2.py.git
11:24:00 - Opened: g:\University\LAB-3-1\DBMS\decision tree\iris.csv
11:24:00 - Closed: g:\University\LAB-3-1\DBMS\decision tree\decision_tree2.py.git
11:24:00 - Opened: g:\University\LAB-3-1\DBMS\decision tree\iris.csv.git
11:26:02 - Closed: g:\University\LAB-3-1\DBMS\decision tree\iris.csv
11:26:02 - Closed: g:\University\LAB-3-1\DBMS\decision tree\iris.csv.git
11:26:02 - Opened: g:\University\LAB-3-1\DBMS\decision tree\decision_tree2.py.git
11:27:48 - Modified: Workspace event
11:27:48 - Modified: Workspace event
11:27:48 - Modified: Workspace event
11:27:48 - Modified: Workspace event
11:27:49 - Modified: Workspace event
11:27:49 - Modified: Workspace event
11:27:51 - Modified: Workspace event
11:27:51 - Modified: Workspace event
11:27:51 - Saved: g:\University\LAB-3-1\DBMS\decision tree\decision_tree2.py
11:28:21 - Modified: Workspace event
11:28:21 - Modified: Workspace event
11:28:22 - Modified: Workspace event
11:28:23 - Modified: Workspace event
11:28:26 - Modified: Workspace event
11:28:26 - Modified: Workspace event
11:28:26 - Saved: g:\University\LAB-3-1\DBMS\decision tree\decision_tree2.py
11:30:25 - Modified: Workspace event
11:30:25 - Saved: g:\University\LAB-3-1\DBMS\decision tree\decision_tree2.py
