2024-12-28T18:40:32.837Z - Modified: g:\buiz_fluencer\app\service\page.tsx
2024-12-28T18:40:32.849Z - Modified: g:\buiz_fluencer\app\service\page.tsx
2024-12-28T18:40:34.080Z - Modified: g:\buiz_fluencer\app\service\page.tsx
2024-12-28T18:40:35.281Z - Modified: g:\buiz_fluencer\app\service\page.tsx
2024-12-28T18:40:35.870Z - Modified: g:\buiz_fluencer\app\service\page.tsx
2024-12-28T18:40:36.522Z - Modified: g:\buiz_fluencer\app\service\page.tsx
2024-12-28T18:40:36.635Z - Modified: g:\buiz_fluencer\app\service\page.tsx
2024-12-28T18:40:36.978Z - Modified: g:\buiz_fluencer\app\service\page.tsx
2024-12-28T18:40:37.105Z - Modified: g:\buiz_fluencer\app\service\page.tsx
2024-12-28T18:40:37.315Z - Modified: g:\buiz_fluencer\app\service\page.tsx
2024-12-28T18:40:37.430Z - Modified: g:\buiz_fluencer\app\service\page.tsx
2024-12-28T18:40:38.691Z - Will save: g:\buiz_fluencer\app\service\page.tsx
2024-12-28T18:40:38.775Z - Modified: g:\buiz_fluencer\app\service\page.tsx
2024-12-28T18:40:38.779Z - Modified: g:\buiz_fluencer\app\service\page.tsx
2024-12-28T18:40:38.783Z - Saved: g:\buiz_fluencer\app\service\page.tsx
2024-12-28T18:40:42.796Z - Modified: g:\buiz_fluencer\app\service\page.tsx
2024-12-28T18:40:42.814Z - Modified: g:\buiz_fluencer\app\service\page.tsx
2024-12-28T18:40:43.729Z - Will save: g:\buiz_fluencer\app\service\page.tsx
2024-12-28T18:40:43.817Z - Modified: g:\buiz_fluencer\app\service\page.tsx
2024-12-28T18:40:43.821Z - Modified: g:\buiz_fluencer\app\service\page.tsx
2024-12-28T18:40:43.824Z - Saved: g:\buiz_fluencer\app\service\page.tsx
2024-12-28T18:43:16.248Z - Opened: git\scm0\input
2024-12-28T18:43:20.997Z - Opened: g:\buiz_fluencer\app\service\page.tsx.git
2024-12-28T18:43:21.518Z - Opened: g:\buiz_fluencer\package.json
2024-12-28T18:43:23.870Z - Opened: g:\buiz_fluencer\.next\types\package.json
2024-12-28T18:43:24.130Z - Opened: g:\buiz_fluencer\.next\package.json
2024-12-28T18:46:21.938Z - Closed: g:\buiz_fluencer\package.json
2024-12-28T18:46:24.887Z - Closed: g:\buiz_fluencer\.next\types\package.json
2024-12-28T18:46:24.904Z - Closed: g:\buiz_fluencer\.next\package.json
